<?xml version="1.0" encoding="UTF-8"?>
<!-- Generated by org.testng.reporters.JUnitReportReporter -->
<testsuite skipped="0" hostname="DESKTOP-PLQPUL9" name="Wiki" tests="1" failures="0" timestamp="26 Feb 2019 11:24:19 GMT" time="68.585" errors="0">
  <testcase name="ItIsTest" time="68.585" classname="Wiki"/>
</testsuite> <!-- Wiki -->
